2024-03-05 11:59:01,306 - INFO - SUCCESS -- [Record: 0] -- 200 -- OK - {'example_payload': 'This is an example payload, capture the request and replace it with your own', 'user[email]': 'jules@live.ae', 'user[password]': '04051995'}
2024-03-05 11:59:01,309 - INFO - SUCCESS -- [Record: 1] -- 200 -- OK - {'example_payload': 'This is an example payload, capture the request and replace it with your own', 'user[email]': 'javid_pontsler@yahoo.co', 'user[password]': 'purloincity4'}
2024-03-05 11:59:01,311 - INFO - SUCCESS -- [Record: 2] -- 200 -- OK - {'example_payload': 'This is an example payload, capture the request and replace it with your own', 'user[email]': 'shaquil_sauseda@icloud.uk', 'user[password]': None}
2024-03-05 11:59:01,320 - INFO - SUCCESS -- [Record: 3] -- 200 -- OK - {'example_payload': 'This is an example payload, capture the request and replace it with your own', 'user[email]': 'vinia_cowper@yahoo.com', 'user[password]': 'flagellate7'}
2024-03-05 11:59:01,322 - INFO - SUCCESS -- [Record: 4] -- 200 -- OK - {'example_payload': 'This is an example payload, capture the request and replace it with your own', 'user[email]': 'leron@sbcglobal.de', 'user[password]': '4qwqMUEkNwu6'}
2024-03-05 11:59:03,339 - INFO - SUCCESS -- [Record: 5] -- 200 -- OK - {'example_payload': 'This is an example payload, capture the request and replace it with your own', 'user[email]': 'bessie@msn.org', 'user[password]': None}
2024-03-05 11:59:03,340 - INFO - SUCCESS -- [Record: 6] -- 200 -- OK - {'example_payload': 'This is an example payload, capture the request and replace it with your own', 'user[email]': 'anddy@aol.org', 'user[password]': 'number1'}
2024-03-05 11:59:03,341 - INFO - SUCCESS -- [Record: 7] -- 200 -- OK - {'example_payload': 'This is an example payload, capture the request and replace it with your own', 'user[email]': 'thelma-cicero@att.com', 'user[password]': 'surface5'}
2024-03-05 11:59:03,342 - INFO - SUCCESS -- [Record: 8] -- 200 -- OK - {'example_payload': 'This is an example payload, capture the request and replace it with your own', 'user[email]': 'prentiss@hotmail.edu', 'user[password]': 'preferential2'}
2024-03-05 11:59:03,342 - INFO - SUCCESS -- [Record: 9] -- 200 -- OK - {'example_payload': 'This is an example payload, capture the request and replace it with your own', 'user[email]': 'lemmie@icloud.org', 'user[password]': 'happy5'}
2024-03-05 11:59:05,369 - INFO - SUCCESS -- [Record: 10] -- 200 -- OK - {'example_payload': 'This is an example payload, capture the request and replace it with your own', 'user[email]': 'catie@comcast.edu', 'user[password]': 'slick1'}
2024-03-05 11:59:05,370 - INFO - SUCCESS -- [Record: 11] -- 200 -- OK - {'example_payload': 'This is an example payload, capture the request and replace it with your own', 'user[email]': 'darien@outlook.edu', 'user[password]': 'gooner'}
2024-03-05 11:59:05,372 - INFO - SUCCESS -- [Record: 12] -- 200 -- OK - {'example_payload': 'This is an example payload, capture the request and replace it with your own', 'user[email]': 'ebba@verizon.net', 'user[password]': 'bunns'}
2024-03-05 11:59:05,387 - INFO - SUCCESS -- [Record: 13] -- 200 -- OK - {'example_payload': 'This is an example payload, capture the request and replace it with your own', 'user[email]': 'alitza-romie@outlook.ru', 'user[password]': '200194'}
2024-03-05 11:59:05,390 - INFO - SUCCESS -- [Record: 14] -- 200 -- OK - {'example_payload': 'This is an example payload, capture the request and replace it with your own', 'user[email]': 'alan34@hotmail.cz', 'user[password]': None}
2024-03-05 11:59:07,436 - INFO - SUCCESS -- [Record: 15] -- 200 -- OK - {'example_payload': 'This is an example payload, capture the request and replace it with your own', 'user[email]': 'myrah@yahoo.mil', 'user[password]': 'silikon'}
2024-03-05 11:59:07,437 - INFO - SUCCESS -- [Record: 16] -- 200 -- OK - {'example_payload': 'This is an example payload, capture the request and replace it with your own', 'user[email]': 'dimitria@gmail.org', 'user[password]': None}
2024-03-05 11:59:07,438 - INFO - SUCCESS -- [Record: 17] -- 200 -- OK - {'example_payload': 'This is an example payload, capture the request and replace it with your own', 'user[email]': 'coyle@gmail.gov', 'user[password]': 'sYv2GwKjfqs'}
2024-03-05 11:59:07,439 - INFO - SUCCESS -- [Record: 18] -- 200 -- OK - {'example_payload': 'This is an example payload, capture the request and replace it with your own', 'user[email]': 'jettie@gmail.ca', 'user[password]': 'dungeon'}
2024-03-05 11:59:07,440 - INFO - SUCCESS -- [Record: 19] -- 200 -- OK - {'example_payload': 'This is an example payload, capture the request and replace it with your own', 'user[email]': 'zaquandawaun@gmail.cn', 'user[password]': 'dumbo'}
2024-03-05 11:59:09,479 - INFO - SUCCESS -- [Record: 20] -- 200 -- OK - {'example_payload': 'This is an example payload, capture the request and replace it with your own', 'user[email]': 'theophilus@sbcglobal.com', 'user[password]': None}
2024-03-05 11:59:09,482 - INFO - SUCCESS -- [Record: 21] -- 200 -- OK - {'example_payload': 'This is an example payload, capture the request and replace it with your own', 'user[email]': 'creston@telnet.cn', 'user[password]': None}
2024-03-05 11:59:09,483 - INFO - SUCCESS -- [Record: 22] -- 200 -- OK - {'example_payload': 'This is an example payload, capture the request and replace it with your own', 'user[email]': 'debbi@comcast.no', 'user[password]': None}
2024-03-05 11:59:09,484 - INFO - SUCCESS -- [Record: 23] -- 200 -- OK - {'example_payload': 'This is an example payload, capture the request and replace it with your own', 'user[email]': 'sarenatorriana@hotmail.com', 'user[password]': 'sari8'}
2024-03-05 11:59:09,485 - INFO - SUCCESS -- [Record: 24] -- 200 -- OK - {'example_payload': 'This is an example payload, capture the request and replace it with your own', 'user[email]': 'laqueenavicki@icloud.de', 'user[password]': 'Rodney0'}
2024-03-05 11:59:11,531 - INFO - SUCCESS -- [Record: 25] -- 200 -- OK - {'example_payload': 'This is an example payload, capture the request and replace it with your own', 'user[email]': 'eleno@me.ch', 'user[password]': 'Segovia2'}
2024-03-05 11:59:11,535 - INFO - SUCCESS -- [Record: 26] -- 200 -- OK - {'example_payload': 'This is an example payload, capture the request and replace it with your own', 'user[email]': 'lorie@gmail.ca', 'user[password]': 'artist1'}
2024-03-05 11:59:11,539 - INFO - SUCCESS -- [Record: 27] -- 200 -- OK - {'example_payload': 'This is an example payload, capture the request and replace it with your own', 'user[email]': 'cass15@comcast.com', 'user[password]': '210470'}
2024-03-05 11:59:11,545 - INFO - SUCCESS -- [Record: 28] -- 200 -- OK - {'example_payload': 'This is an example payload, capture the request and replace it with your own', 'user[email]': 'kaleyah@verizon.cn', 'user[password]': 'kiselev'}
2024-03-05 11:59:11,546 - INFO - SUCCESS -- [Record: 29] -- 200 -- OK - {'example_payload': 'This is an example payload, capture the request and replace it with your own', 'user[email]': 'dovie@gmail.net', 'user[password]': 'Stamford2'}
2024-03-05 11:59:13,587 - INFO - SUCCESS -- [Record: 30] -- 200 -- OK - {'example_payload': 'This is an example payload, capture the request and replace it with your own', 'user[email]': 'shaquaya_saper@me.mil', 'user[password]': 'teymur'}
2024-03-05 11:59:13,589 - INFO - SUCCESS -- [Record: 31] -- 200 -- OK - {'example_payload': 'This is an example payload, capture the request and replace it with your own', 'user[email]': 'joylynn_czarnowski@yahoo.org', 'user[password]': '0402'}
2024-03-05 11:59:13,602 - INFO - SUCCESS -- [Record: 32] -- 200 -- OK - {'example_payload': 'This is an example payload, capture the request and replace it with your own', 'user[email]': 'tymier@gmail.cz', 'user[password]': 'basement'}
2024-03-05 11:59:13,605 - INFO - SUCCESS -- [Record: 33] -- 200 -- OK - {'example_payload': 'This is an example payload, capture the request and replace it with your own', 'user[email]': 'jessickajanill@hotmail.ch', 'user[password]': '250786'}
2024-03-05 11:59:13,609 - INFO - SUCCESS -- [Record: 34] -- 200 -- OK - {'example_payload': 'This is an example payload, capture the request and replace it with your own', 'user[email]': 'murphy-deone@telnet.se', 'user[password]': 'Hadesquizzical2'}
2024-03-05 11:59:15,637 - INFO - SUCCESS -- [Record: 35] -- 200 -- OK - {'example_payload': 'This is an example payload, capture the request and replace it with your own', 'user[email]': 'huda_waterson@gmail.co', 'user[password]': 'helicalworsen5'}
2024-03-05 11:59:15,638 - INFO - SUCCESS -- [Record: 36] -- 200 -- OK - {'example_payload': 'This is an example payload, capture the request and replace it with your own', 'user[email]': 'andrei26@icloud.az', 'user[password]': '070465'}
2024-03-05 11:59:15,654 - INFO - SUCCESS -- [Record: 37] -- 200 -- OK - {'example_payload': 'This is an example payload, capture the request and replace it with your own', 'user[email]': 'elihu@outlook.cc', 'user[password]': '15101960'}
2024-03-05 11:59:15,670 - INFO - SUCCESS -- [Record: 38] -- 200 -- OK - {'example_payload': 'This is an example payload, capture the request and replace it with your own', 'user[email]': 'todd@outlook.eu', 'user[password]': None}
2024-03-05 11:59:15,671 - INFO - SUCCESS -- [Record: 39] -- 200 -- OK - {'example_payload': 'This is an example payload, capture the request and replace it with your own', 'user[email]': 'rowland23@verizon.org', 'user[password]': None}
2024-03-05 11:59:19,739 - CRITICAL - Error: HTTPConnectionPool(host='localhost', port=25565): Max retries exceeded with url: / (Caused by NewConnectionError('<urllib3.connection.HTTPConnection object at 0x000001BABDCC21B0>: Failed to establish a new connection: [WinError 10061] No connection could be made because the target machine actively refused it'))
2024-03-05 11:59:19,739 - CRITICAL - Error: HTTPConnectionPool(host='localhost', port=25565): Max retries exceeded with url: / (Caused by NewConnectionError('<urllib3.connection.HTTPConnection object at 0x000001BABDCD9280>: Failed to establish a new connection: [WinError 10061] No connection could be made because the target machine actively refused it'))
2024-03-05 11:59:19,739 - INFO - TOTAL Records Sent: 40. Total Successful Records Sent: 40
2024-03-05 11:59:19,739 - INFO - TOTAL Records Sent: 40. Total Successful Records Sent: 40
2024-03-05 11:59:19,755 - CRITICAL - Error: HTTPConnectionPool(host='localhost', port=25565): Max retries exceeded with url: / (Caused by NewConnectionError('<urllib3.connection.HTTPConnection object at 0x000001BABDCD9AC0>: Failed to establish a new connection: [WinError 10061] No connection could be made because the target machine actively refused it'))
2024-03-05 11:59:19,755 - INFO - TOTAL Records Sent: 40. Total Successful Records Sent: 40
2024-03-05 11:59:19,756 - CRITICAL - Error: HTTPConnectionPool(host='localhost', port=25565): Max retries exceeded with url: / (Caused by NewConnectionError('<urllib3.connection.HTTPConnection object at 0x000001BABDCDA1E0>: Failed to establish a new connection: [WinError 10061] No connection could be made because the target machine actively refused it'))
2024-03-05 11:59:19,758 - INFO - TOTAL Records Sent: 40. Total Successful Records Sent: 40
2024-03-05 11:59:19,771 - CRITICAL - Error: HTTPConnectionPool(host='localhost', port=25565): Max retries exceeded with url: / (Caused by NewConnectionError('<urllib3.connection.HTTPConnection object at 0x000001BABDCDAB40>: Failed to establish a new connection: [WinError 10061] No connection could be made because the target machine actively refused it'))
2024-03-05 11:59:19,771 - INFO - TOTAL Records Sent: 40. Total Successful Records Sent: 40
